  cursor.cpp
  コードを生成中...
  コンパイル中...
  uibg.cpp
  title.cpp
  time.cpp
c:\users\student\desktop\gitゲームフォルダ\2daction_cubeadventurer\吉田学園情報ビジネス専門学校_三橋錬\gamefolder\souce\time.cpp(108): warning C4244: '*=': 'float' から 'int' への変換です。データが失われる可能性があります。
c:\users\student\desktop\gitゲームフォルダ\2daction_cubeadventurer\吉田学園情報ビジネス専門学校_三橋錬\gamefolder\souce\time.cpp(109): warning C4244: '*=': 'float' から 'int' への変換です。データが失われる可能性があります。
  texture.cpp
  tentativeobj.cpp
  targetcursor.cpp
  targetblock.cpp
  stagebuild.cpp
  spiny.cpp
  sound.cpp
c:\users\student\desktop\gitゲームフォルダ\2daction_cubeadventurer\吉田学園情報ビジネス専門学校_三橋錬\gamefolder\souce\sound.cpp(48): warning C4100: 'hWnd': 引数は関数の本体部で 1 度も参照されません。
  screenbg.cpp
  scene3D.cpp
  scene2D.cpp
c:\users\student\desktop\gitゲームフォルダ\2daction_cubeadventurer\吉田学園情報ビジネス専門学校_三橋錬\gamefolder\souce\scene2d.cpp(602): warning C4244: '引数': 'int' から 'float' への変換です。データが失われる可能性があります。
c:\users\student\desktop\gitゲームフォルダ\2daction_cubeadventurer\吉田学園情報ビジネス専門学校_三橋錬\gamefolder\souce\scene2d.cpp(607): warning C4244: '引数': 'int' から 'float' への変換です。データが失われる可能性があります。
  scene.cpp
  result.cpp
  renderer.cpp
c:\users\student\desktop\gitゲームフォルダ\2daction_cubeadventurer\吉田学園情報ビジネス専門学校_三橋錬\gamefolder\souce\renderer.cpp(218): warning C4100: 'hWnd': 引数は関数の本体部で 1 度も参照されません。
  player.cpp
  planet.cpp
  pause.cpp
  objectbg.cpp
  コードを生成中...
  コンパイル中...
  number.cpp
  normalblock.cpp
  mouse.cpp
  modeselect.cpp
  model.cpp
  manager.cpp
  main.cpp
c:\users\student\desktop\gitゲームフォルダ\2daction_cubeadventurer\吉田学園情報ビジネス専門学校_三橋錬\gamefolder\souce\main.cpp(33): warning C4100: 'lpCmdLine': 引数は関数の本体部で 1 度も参照されません。
c:\users\student\desktop\gitゲームフォルダ\2daction_cubeadventurer\吉田学園情報ビジネス専門学校_三橋錬\gamefolder\souce\main.cpp(33): warning C4100: 'hPrevInstance': 引数は関数の本体部で 1 度も参照されません。
  light.cpp
  keyboard.cpp
  input.cpp
  gravityreverse.cpp
  goal.cpp
  gamepad.cpp
c:\users\student\desktop\gitゲームフォルダ\2daction_cubeadventurer\吉田学園情報ビジネス専門学校_三橋錬\gamefolder\souce\gamepad.cpp(153): warning C4100: 'pvRef': 引数は関数の本体部で 1 度も参照されません。
c:\users\student\desktop\gitゲームフォルダ\2daction_cubeadventurer\吉田学園情報ビジネス専門学校_三橋錬\gamefolder\souce\gamepad.cpp(153): warning C4100: 'ipddi': 引数は関数の本体部で 1 度も参照されません。
c:\users\student\desktop\gitゲームフォルダ\2daction_cubeadventurer\吉田学園情報ビジネス専門学校_三橋錬\gamefolder\souce\gamepad.cpp(186): warning C4244: 'return': 'const DWORD' から 'float' への変換です。データが失われる可能性があります。
c:\users\student\desktop\gitゲームフォルダ\2daction_cubeadventurer\吉田学園情報ビジネス専門学校_三橋錬\gamefolder\souce\gamepad.cpp(188): warning C4305: 'return': 'unsigned int' から 'float' へ切り詰めます。
c:\users\student\desktop\gitゲームフォルダ\2daction_cubeadventurer\吉田学園情報ビジネス専門学校_三橋錬\gamefolder\souce\gamepad.cpp(199): warning C4244: 'return': 'const DWORD' から 'float' への変換です。データが失われる可能性があります。
c:\users\student\desktop\gitゲームフォルダ\2daction_cubeadventurer\吉田学園情報ビジネス専門学校_三橋錬\gamefolder\souce\gamepad.cpp(202): warning C4305: 'return': 'unsigned int' から 'float' へ切り詰めます。
  gamebg.cpp
c:\users\student\desktop\gitゲームフォルダ\2daction_cubeadventurer\吉田学園情報ビジネス専門学校_三橋錬\gamefolder\souce\gamebg.cpp(146): warning C4244: '初期化中': 'double' から 'float' への変換です。データが失われる可能性があります。
  game.cpp
  fade.cpp
  effect.cpp
  deathcount.cpp
  data.cpp
  character.cpp
c:\users\student\desktop\gitゲームフォルダ\2daction_cubeadventurer\吉田学園情報ビジネス専門学校_三橋錬\gamefolder\souce\character.cpp(12): warning C4589: 抽象クラス 'CCharacter' のコンストラクターは仮想基底クラス 'CScene2D' の初期化子を無視します
  c:\users\student\desktop\gitゲームフォルダ\2daction_cubeadventurer\吉田学園情報ビジネス専門学校_三橋錬\gamefolder\souce\character.cpp(12): note: 仮想基底クラスは最派生クラス型によってのみ初期化されます
  コードを生成中...
  コンパイル中...
  camera.cpp
  block.cpp
c:\users\student\desktop\gitゲームフォルダ\2daction_cubeadventurer\吉田学園情報ビジネス専門学校_三橋錬\gamefolder\souce\block.cpp(12): warning C4589: 抽象クラス 'CBlock' のコンストラクターは仮想基底クラス 'CScene2D' の初期化子を無視します
  c:\users\student\desktop\gitゲームフォルダ\2daction_cubeadventurer\吉田学園情報ビジネス専門学校_三橋錬\gamefolder\souce\block.cpp(12): note: 仮想基底クラスは最派生クラス型によってのみ初期化されます
  bg.cpp
c:\users\student\desktop\gitゲームフォルダ\2daction_cubeadventurer\吉田学園情報ビジネス専門学校_三橋錬\gamefolder\souce\bg.cpp(12): warning C4589: 抽象クラス 'CBg' のコンストラクターは仮想基底クラス 'CScene2D' の初期化子を無視します
  c:\users\student\desktop\gitゲームフォルダ\2daction_cubeadventurer\吉田学園情報ビジネス専門学校_三橋錬\gamefolder\souce\bg.cpp(12): note: 仮想基底クラスは最派生クラス型によってのみ初期化されます
  Stageload.cpp
c:\users\student\desktop\gitゲームフォルダ\2daction_cubeadventurer\吉田学園情報ビジネス専門学校_三橋錬\gamefolder\souce\stageload.cpp(220): warning C4244: '=': 'float' から 'int' への変換です。データが失われる可能性があります。
  コードを生成中...
  C++2DAction.vcxproj -> C:\Users\student\Desktop\Gitゲームフォルダ\2DAction_CubeAdventurer\吉田学園情報ビジネス専門学校_三橋錬\GameFolder\Souce\Debug\C++2DAction.exe
  C++2DAction.vcxproj -> C:\Users\student\Desktop\Gitゲームフォルダ\2DAction_CubeAdventurer\吉田学園情報ビジネス専門学校_三橋錬\GameFolder\Souce\Debug\C++2DAction.pdb (Full PDB)
