c:\users\student\documents\visual studio 2015\projects\c++\c++game\c++2daction\debug\vc140.pdb
c:\users\student\documents\visual studio 2015\projects\c++\c++game\c++2daction\debug\vc140.idb
c:\users\student\documents\visual studio 2015\projects\c++\c++game\c++2daction\debug\number.obj
c:\users\student\documents\visual studio 2015\projects\c++\c++game\c++2daction\debug\objectbg.obj
c:\users\student\documents\visual studio 2015\projects\c++\c++game\c++2daction\debug\planet.obj
c:\users\student\documents\visual studio 2015\projects\c++\c++game\c++2daction\debug\player.obj
c:\users\student\documents\visual studio 2015\projects\c++\c++game\c++2daction\debug\renderer.obj
c:\users\student\documents\visual studio 2015\projects\c++\c++game\c++2daction\debug\result.obj
c:\users\student\documents\visual studio 2015\projects\c++\c++game\c++2daction\debug\screenbg.obj
c:\users\student\documents\visual studio 2015\projects\c++\c++game\c++2daction\debug\tentativeobj.obj
c:\users\student\documents\visual studio 2015\projects\c++\c++game\c++2daction\debug\scene.obj
c:\users\student\documents\visual studio 2015\projects\c++\c++game\c++2daction\debug\scene2d.obj
c:\users\student\documents\visual studio 2015\projects\c++\c++game\c++2daction\debug\scene3d.obj
c:\users\student\documents\visual studio 2015\projects\c++\c++game\c++2daction\debug\sound.obj
c:\users\student\documents\visual studio 2015\projects\c++\c++game\c++2daction\debug\stagebuild.obj
c:\users\student\documents\visual studio 2015\projects\c++\c++game\c++2daction\debug\stageload.obj
c:\users\student\documents\visual studio 2015\projects\c++\c++game\c++2daction\debug\targetblock.obj
c:\users\student\documents\visual studio 2015\projects\c++\c++game\c++2daction\debug\targetcursor.obj
c:\users\student\documents\visual studio 2015\projects\c++\c++game\c++2daction\debug\texture.obj
c:\users\student\documents\visual studio 2015\projects\c++\c++game\c++2daction\debug\time.obj
c:\users\student\documents\visual studio 2015\projects\c++\c++game\c++2daction\debug\title.obj
c:\users\student\documents\visual studio 2015\projects\c++\c++game\c++2daction\debug\uibg.obj
c:\users\student\documents\visual studio 2015\projects\c++\c++game\c++2daction\debug\character.obj
c:\users\student\documents\visual studio 2015\projects\c++\c++game\c++2daction\debug\cursor.obj
c:\users\student\documents\visual studio 2015\projects\c++\c++game\c++2daction\debug\data.obj
c:\users\student\documents\visual studio 2015\projects\c++\c++game\c++2daction\debug\deathcount.obj
c:\users\student\documents\visual studio 2015\projects\c++\c++game\c++2daction\debug\effect.obj
c:\users\student\documents\visual studio 2015\projects\c++\c++game\c++2daction\debug\fade.obj
c:\users\student\documents\visual studio 2015\projects\c++\c++game\c++2daction\debug\game.obj
c:\users\student\documents\visual studio 2015\projects\c++\c++game\c++2daction\debug\gamebg.obj
c:\users\student\documents\visual studio 2015\projects\c++\c++game\c++2daction\debug\gamepad.obj
c:\users\student\documents\visual studio 2015\projects\c++\c++game\c++2daction\debug\goal.obj
c:\users\student\documents\visual studio 2015\projects\c++\c++game\c++2daction\debug\gravityreverse.obj
c:\users\student\documents\visual studio 2015\projects\c++\c++game\c++2daction\debug\input.obj
c:\users\student\documents\visual studio 2015\projects\c++\c++game\c++2daction\debug\keyboard.obj
c:\users\student\documents\visual studio 2015\projects\c++\c++game\c++2daction\debug\light.obj
c:\users\student\documents\visual studio 2015\projects\c++\c++game\c++2daction\debug\main.obj
c:\users\student\documents\visual studio 2015\projects\c++\c++game\c++2daction\debug\manager.obj
c:\users\student\documents\visual studio 2015\projects\c++\c++game\c++2daction\debug\model.obj
c:\users\student\documents\visual studio 2015\projects\c++\c++game\c++2daction\debug\modeselect.obj
c:\users\student\documents\visual studio 2015\projects\c++\c++game\c++2daction\debug\mouse.obj
c:\users\student\documents\visual studio 2015\projects\c++\c++game\c++2daction\debug\normalblock.obj
c:\users\student\documents\visual studio 2015\projects\c++\c++game\c++2daction\debug\bg.obj
c:\users\student\documents\visual studio 2015\projects\c++\c++game\c++2daction\debug\block.obj
c:\users\student\documents\visual studio 2015\projects\c++\c++game\c++2daction\debug\camera.obj
c:\users\student\documents\visual studio 2015\projects\c++\c++game\c++2daction\debug\c++2daction.ilk
c:\users\student\documents\visual studio 2015\projects\c++\c++game\c++2daction\debug\c++2daction.exe
c:\users\student\documents\visual studio 2015\projects\c++\c++game\c++2daction\debug\c++2daction.pdb
c:\users\student\documents\visual studio 2015\projects\c++\c++game\c++2daction\debug\c++2daction.tlog\cl.command.1.tlog
c:\users\student\documents\visual studio 2015\projects\c++\c++game\c++2daction\debug\c++2daction.tlog\cl.read.1.tlog
c:\users\student\documents\visual studio 2015\projects\c++\c++game\c++2daction\debug\c++2daction.tlog\cl.write.1.tlog
c:\users\student\documents\visual studio 2015\projects\c++\c++game\c++2daction\debug\c++2daction.tlog\link.command.1.tlog
c:\users\student\documents\visual studio 2015\projects\c++\c++game\c++2daction\debug\c++2daction.tlog\link.read.1.tlog
c:\users\student\documents\visual studio 2015\projects\c++\c++game\c++2daction\debug\c++2daction.tlog\link.write.1.tlog
